<?xml version="1.0" encoding="UTF-8"?>
<!-- Generated by org.testng.reporters.JUnitReportReporter -->
<testsuite hostname="LAPTOP-1I2596E2" name="DriverFactory.DriverScript" tests="1" failures="0" timestamp="9 Jul 2020 02:51:06 GMT" time="83.250" errors="0">
  <testcase name="Primus" time="83.250" classname="DriverFactory.DriverScript"/>
</testsuite> <!-- DriverFactory.DriverScript -->
