<?xml version="1.0" encoding="UTF-8"?>
<!-- Generated by org.testng.reporters.JUnitReportReporter -->
<testsuite hostname="LAPTOP-1I2596E2" name="DriverFactory.DataDriven" tests="1" failures="0" timestamp="7 Jul 2020 02:14:48 GMT" time="32.574" errors="0">
  <testcase name="verifyLogin" time="32.574" classname="DriverFactory.DataDriven"/>
</testsuite> <!-- DriverFactory.DataDriven -->
