<?xml version="1.0" encoding="UTF-8"?>
<!-- Generated by org.testng.reporters.JUnitReportReporter -->
<testsuite hostname="LAPTOP-1I2596E2" name="DriverFactory.DataDrivenRegister" tests="1" failures="0" timestamp="7 Jul 2020 02:58:42 GMT" time="595.965" errors="0">
  <testcase name="verifyRegister" time="595.965" classname="DriverFactory.DataDrivenRegister"/>
</testsuite> <!-- DriverFactory.DataDrivenRegister -->
